<?xml version="1.0" encoding="UTF-8"?>
<!-- Generated by org.testng.reporters.JUnitReportReporter -->
<testsuite skipped="0" hostname="M014.local" name="com.udemy.tests.Expedia" tests="1" failures="0" timestamp="11 Jul 2018 10:43:51 GMT" time="48.120" errors="0">
  <testcase name="hotelReservation" time="48.120" classname="com.udemy.tests.Expedia"/>
</testsuite> <!-- com.udemy.tests.Expedia -->
