<?xml version="1.0" encoding="UTF-8"?>
<!-- Generated by org.testng.reporters.JUnitReportReporter -->
<testsuite skipped="0" hostname="M014.local" name="com.udemy.tests.LoginDDT" tests="4" failures="0" timestamp="09 Jul 2018 13:28:00 GMT" time="34.985" errors="0">
  <testcase name="loginTest" time="8.767" classname="com.udemy.tests.LoginDDT"/>
  <testcase name="loginTest" time="9.690" classname="com.udemy.tests.LoginDDT"/>
  <testcase name="loginTest" time="8.231" classname="com.udemy.tests.LoginDDT"/>
  <testcase name="loginTest" time="8.297" classname="com.udemy.tests.LoginDDT"/>
</testsuite> <!-- com.udemy.tests.LoginDDT -->
