<?xml version="1.0" encoding="UTF-8"?>
<!-- Generated by org.testng.reporters.JUnitReportReporter -->
<testsuite skipped="0" hostname="M014.local" name="com.udemy.smoketests.LoginPresentTestNG" tests="1" failures="0" timestamp="06 Jul 2018 12:47:16 GMT" time="3.339" errors="0">
  <testcase name="loginElementsPresentTest" time="3.339" classname="com.udemy.smoketests.LoginPresentTestNG"/>
</testsuite> <!-- com.udemy.smoketests.LoginPresentTestNG -->
